<?xml version="1.0" encoding="UTF-8"?>
<!-- Generated by org.testng.reporters.JUnitXMLReporter -->
<testsuite ignored="0" hostname="DESKTOP-P9834MF" failures="0" tests="4" name="Test" time="28.796" errors="0" timestamp="2023-02-14T16:10:07 IST">
  <testcase classname="Numadics.QATest.Regression" name="verifyTitle" time="2.101"/>
  <testcase classname="Numadics.QATest.Regression" name="dropDown" time="1.441"/>
  <testcase classname="Numadics.QATest.Regression" name="qaPage" time="5.221"/>
  <testcase classname="Numadics.QATest.Regression" name="validations" time="16.68"/>
</testsuite> <!-- Test -->
